<?xml version="1.0" encoding="UTF-8"?>
<testsuite name="PSSetTest" tests="2" skipped="0" failures="0" errors="0" timestamp="2023-05-15T22:26:54" hostname="LAPTOP-SNHKBKST" time="0.115">
  <properties/>
  <testcase name="unionTest()" classname="PSSetTest" time="0.109"/>
  <testcase name="removeTest()" classname="PSSetTest" time="0.002"/>
  <system-out><![CDATA[[0,0]
[0,1]
[0,2]
[1,0]
[1,1]
[1,2]
[2,0]
[2,1]
[2,2]
_ E _ 
_ S _ 
_ _ _ 

PATH: [[1,1]]
PATH: [[1,1]]
PATH: [[1,1]]
PATH: [[1,1]]
PATH: [[1,1]]
PATH: [[1,1]]
PATH: [[1,1]]
PATH: [[1,1]]
[[[1,1], [0,1]], [[1,1], [1,0]], [[1,1], [1,2]], [[1,1], [2,1]]]
PATH: [[1,1]]
PATH: [[1,1]]
PATH: [[1,1]]
PATH: [[1,1]]
PATH: [[1,1]]
PATH: [[1,1]]
PATH: [[1,1]]
PATH: [[1,1]]
[[[1,1], [0,1]], [[1,1], [1,0]], [[1,1], [2,1]], [[1,1], [1,2]]]
[[[1,1], [0,1]], [[1,1], [1,0]], [[1,1], [1,2]], [[1,1], [2,1]]]
]]></system-out>
  <system-err><![CDATA[]]></system-err>
</testsuite>
